


ARM Macro Assembler    Page 1 


    1 00000000         ; GPIO.s
    2 00000000         ; Runs on TM4C1294
    3 00000000         ; Mo'meN Ali
    4 00000000         ; September 1, 2014
    5 00000000         
    6 00000000         ; PF0 is an output to positive logic LED4
    7 00000000         ; PF4 is an output to positive logic LED3
    8 00000000         ; PN0 is an output to positive logic LED2
    9 00000000         ; PN1 is an output to positive logic LED1
   10 00000000         
   11 00000000 4006403C 
                       GPIO_PORTN_DATA_R
                               EQU              0x4006403C
   12 00000000 40064400 
                       GPIO_PORTN_DIR_R
                               EQU              0x40064400
   13 00000000 40064420 
                       GPIO_PORTN_AFSEL_R
                               EQU              0x40064420
   14 00000000 4006451C 
                       GPIO_PORTN_DEN_R
                               EQU              0x4006451C
   15 00000000 40064528 
                       GPIO_PORTN_AMSEL_R
                               EQU              0x40064528
   16 00000000 4006452C 
                       GPIO_PORTN_PCTL_R
                               EQU              0x4006452C
   17 00000000 400FE608 
                       SYSCTL_RCGCGPIO_R
                               EQU              0x400FE608
   18 00000000 00001000 
                       SYSCTL_RCGCGPIO_R12
                               EQU              0x00001000  ; GPIO Port N Run M
                                                            ode Clock Gating Co
                                                            ntrol
   19 00000000 400FEA08 
                       SYSCTL_PRGPIO_R
                               EQU              0x400FEA08
   20 00000000 00001000 
                       SYSCTL_PRGPION
                               EQU              0x00001000  ; GPIO Port N Perip
                                                            heral Ready
   21 00000000 01312D00 
                       ONEHZDELAY
                               EQU              20000000    ; delay ~0.5 sec at
                                                             120 MHz (3.75 sec 
                                                            at 16 MHz; 0.78125 
                                                            sec at 76.8 MHz)
   22 00000000 001E8480 
                       TENHZDELAY
                               EQU              2000000     ; delay ~0.05 sec a
                                                            t 120 MHz (0.375 se
                                                            c at 16 MHz; 0.0781
                                                            25 sec at 76.8 MHz)
                                                             
   23 00000000         
   24 00000000                 AREA             |.text|, CODE, READONLY, ALIGN=
2



ARM Macro Assembler    Page 2 


   25 00000000                 THUMB
   26 00000000                 EXPORT           Start
   27 00000000                 IMPORT           PLL_Init
   28 00000000         
   29 00000000         Start
   30 00000000         ;BL PLL_Init
   31 00000000 F000 F814       BL               GPIO_Init
   32 00000004 481B            LDR              R0, =GPIO_PORTN_DATA_R
   33 00000006         mainLoop
   34 00000006 F04F 0101       MOV              R1, #1
   35 0000000A 6001            STR              R1, [R0]
   36 0000000C 4A1A            LDR              R2, =TENHZDELAY
   37 0000000E F000 F82E       BL               Delay
   38 00000012 F04F 0102       MOV              R1, #2
   39 00000016 6001            STR              R1, [R0]
   40 00000018 4A17            LDR              R2, =TENHZDELAY
   41 0000001A F000 F828       BL               Delay
   42 0000001E F04F 0103       MOV              R1, #3
   43 00000022 6001            STR              R1, [R0]
   44 00000024 4A14            LDR              R2, =TENHZDELAY
   45 00000026 F000 F822       BL               Delay
   46 0000002A E7EC            B                mainLoop
   47 0000002C         
   48 0000002C         GPIO_Init
   49 0000002C 4813            LDR              R0, =SYSCTL_RCGCGPIO_R ; r0= &S
                                                            YSCTL_RCGCGPIO_R
   50 0000002E F44F 5180       MOV              R1, #SYSCTL_RCGCGPIO_R12 
                                                            ; PORTN
   51 00000032 6001            STR              R1, [R0]    ; SYSCTL_RCGCGPIO_R
                                                            = SYSCTL_RCGCGPIO_R
                                                            12
   52 00000034         ; make sure the clock has stablizied
   53 00000034 4812            LDR              R0, =SYSCTL_PRGPIO_R
   54 00000036 6001            STR              R1, [R0]    ; r1= SYSCTL_RCGCGG
                                                            PIO_R   
   55 00000038         ; while( 0 == (SYSCTL_PRGPION & SYSCTL_RCGCGPIO_R) ) {}
   56 00000038         loop
   57 00000038 F411 5180       ANDS             R1, #SYSCTL_PRGPION
   58 0000003C D0FC            BEQ              loop
   59 0000003E         ; GPIO_PORTN_PCTL_R&= ~0x0000FFFF
   60 0000003E 4811            LDR              R0, =GPIO_PORTN_PCTL_R
   61 00000040 6801            LDR              R1, [R0]
   62 00000042 F021 01FF       BIC              R1, #0x000000FF
   63 00000046 F421 417F       BIC              R1, #0x0000FF00 ; R1 = R1 & ~0x
                                                            0000FF
   64 0000004A 6001            STR              R1, [R0]
   65 0000004C         ; GPIO_PORTN_AMSEL_R&= 0
   66 0000004C 480E            LDR              R0, =GPIO_PORTN_AMSEL_R
   67 0000004E F04F 0100       MOV              R1, #0
   68 00000052 6001            STR              R1, [R0]
   69 00000054         ; GPIO_PORTN_AFSEL_R&= 0
   70 00000054 480D            LDR              R0, =GPIO_PORTN_AFSEL_R
   71 00000056 6001            STR              R1, [R0]
   72 00000058         ; GPIO_PORTN_DIR_R|= 0x0F
   73 00000058 480D            LDR              R0, =GPIO_PORTN_DIR_R
   74 0000005A 6801            LDR              R1, [R0]
   75 0000005C F041 010F       ORR              R1, #0x0F
   76 00000060 6001            STR              R1, [R0]
   77 00000062         ; GPIO_PORTN_DEN_R|= 0x0F



ARM Macro Assembler    Page 3 


   78 00000062 480C            LDR              R0, =GPIO_PORTN_DEN_R
   79 00000064 6801            LDR              R1, [R0]
   80 00000066 F041 010F       ORR              R1, #0x0F
   81 0000006A 6001            STR              R1, [R0]
   82 0000006C 4770            BX               LR
   83 0000006E         
   84 0000006E         Delay
   85 0000006E 3A01            SUBS             R2, #1
   86 00000070 D2FD            BHS              Delay
   87 00000072 4770            BX               LR
   88 00000074         
   89 00000074                 ALIGN
   90 00000074                 END
              4006403C 
              001E8480 
              400FE608 
              400FEA08 
              4006452C 
              40064528 
              40064420 
              40064400 
              4006451C 
Command Line: --debug --xref --cpu=Cortex-M4 --apcs=interwork --depend=.\gpion.
d -o.\gpion.o -ID:\Keil\ARM\RV31\INC -ID:\Keil\ARM\CMSIS\Include -ID:\Keil\ARM\
Inc\TI\TM4C129 --predefine="__EVAL SETA 1" --list=.\gpion.lst GPION.s



ARM Macro Assembler    Page 1 Alphabetic symbol ordering
Relocatable symbols

.text 00000000

Symbol: .text
   Definitions
      At line 24 in file GPION.s
   Uses
      None
Comment: .text unused
Delay 0000006E

Symbol: Delay
   Definitions
      At line 84 in file GPION.s
   Uses
      At line 37 in file GPION.s
      At line 41 in file GPION.s
      At line 45 in file GPION.s
      At line 86 in file GPION.s

GPIO_Init 0000002C

Symbol: GPIO_Init
   Definitions
      At line 48 in file GPION.s
   Uses
      At line 31 in file GPION.s
Comment: GPIO_Init used once
Start 00000000

Symbol: Start
   Definitions
      At line 29 in file GPION.s
   Uses
      At line 26 in file GPION.s
Comment: Start used once
loop 00000038

Symbol: loop
   Definitions
      At line 56 in file GPION.s
   Uses
      At line 58 in file GPION.s
Comment: loop used once
mainLoop 00000006

Symbol: mainLoop
   Definitions
      At line 33 in file GPION.s
   Uses
      At line 46 in file GPION.s
Comment: mainLoop used once
6 symbols



ARM Macro Assembler    Page 1 Alphabetic symbol ordering
Absolute symbols

GPIO_PORTN_AFSEL_R 40064420

Symbol: GPIO_PORTN_AFSEL_R
   Definitions
      At line 13 in file GPION.s
   Uses
      At line 70 in file GPION.s
Comment: GPIO_PORTN_AFSEL_R used once
GPIO_PORTN_AMSEL_R 40064528

Symbol: GPIO_PORTN_AMSEL_R
   Definitions
      At line 15 in file GPION.s
   Uses
      At line 66 in file GPION.s
Comment: GPIO_PORTN_AMSEL_R used once
GPIO_PORTN_DATA_R 4006403C

Symbol: GPIO_PORTN_DATA_R
   Definitions
      At line 11 in file GPION.s
   Uses
      At line 32 in file GPION.s
Comment: GPIO_PORTN_DATA_R used once
GPIO_PORTN_DEN_R 4006451C

Symbol: GPIO_PORTN_DEN_R
   Definitions
      At line 14 in file GPION.s
   Uses
      At line 78 in file GPION.s
Comment: GPIO_PORTN_DEN_R used once
GPIO_PORTN_DIR_R 40064400

Symbol: GPIO_PORTN_DIR_R
   Definitions
      At line 12 in file GPION.s
   Uses
      At line 73 in file GPION.s
Comment: GPIO_PORTN_DIR_R used once
GPIO_PORTN_PCTL_R 4006452C

Symbol: GPIO_PORTN_PCTL_R
   Definitions
      At line 16 in file GPION.s
   Uses
      At line 60 in file GPION.s
Comment: GPIO_PORTN_PCTL_R used once
ONEHZDELAY 01312D00

Symbol: ONEHZDELAY
   Definitions
      At line 21 in file GPION.s
   Uses
      None
Comment: ONEHZDELAY unused
SYSCTL_PRGPION 00001000

Symbol: SYSCTL_PRGPION



ARM Macro Assembler    Page 2 Alphabetic symbol ordering
Absolute symbols

   Definitions
      At line 20 in file GPION.s
   Uses
      At line 57 in file GPION.s
Comment: SYSCTL_PRGPION used once
SYSCTL_PRGPIO_R 400FEA08

Symbol: SYSCTL_PRGPIO_R
   Definitions
      At line 19 in file GPION.s
   Uses
      At line 53 in file GPION.s
Comment: SYSCTL_PRGPIO_R used once
SYSCTL_RCGCGPIO_R 400FE608

Symbol: SYSCTL_RCGCGPIO_R
   Definitions
      At line 17 in file GPION.s
   Uses
      At line 49 in file GPION.s
Comment: SYSCTL_RCGCGPIO_R used once
SYSCTL_RCGCGPIO_R12 00001000

Symbol: SYSCTL_RCGCGPIO_R12
   Definitions
      At line 18 in file GPION.s
   Uses
      At line 50 in file GPION.s
Comment: SYSCTL_RCGCGPIO_R12 used once
TENHZDELAY 001E8480

Symbol: TENHZDELAY
   Definitions
      At line 22 in file GPION.s
   Uses
      At line 36 in file GPION.s
      At line 40 in file GPION.s
      At line 44 in file GPION.s

12 symbols



ARM Macro Assembler    Page 1 Alphabetic symbol ordering
External symbols

PLL_Init 00000000

Symbol: PLL_Init
   Definitions
      At line 27 in file GPION.s
   Uses
      None
Comment: PLL_Init unused
1 symbol
352 symbols in table
